2020-11-24 19:52:21.0248|ERROR|Microsoft.EntityFrameworkCore.Database.Command|Failed executing DbCommand (17ms) [Parameters=[], CommandType='Text', CommandTimeout='30']
SELECT CASE
    WHEN EXISTS (
        SELECT 1
        FROM [Student] AS [s]) THEN CAST(1 AS bit)
    ELSE CAST(0 AS bit)
END
2020-11-24 19:52:21.0971|ERROR|Microsoft.EntityFrameworkCore.Query|An exception occurred while iterating over the results of a query for context type 'StudentManagement.Models.AppDbContext'.
Microsoft.Data.SqlClient.SqlException (0x80131904): 对象名 'Student' 无效。
   at Microsoft.Data.SqlClient.SqlConnection.OnError(SqlException exception, Boolean breakConnection, Action`1 wrapCloseInAction)
   at Microsoft.Data.SqlClient.SqlInternalConnection.OnError(SqlException exception, Boolean breakConnection, Action`1 wrapCloseInAction)
   at Microsoft.Data.SqlClient.TdsParser.ThrowExceptionAndWarning(TdsParserStateObject stateObj, Boolean callerHasConnectionLock, Boolean asyncClose)
   at Microsoft.Data.SqlClient.TdsParser.TryRun(RunBehavior runBehavior, SqlCommand cmdHandler, SqlDataReader dataStream, BulkCopySimpleResultSet bulkCopyHandler, TdsParserStateObject stateObj, Boolean& dataReady)
   at Microsoft.Data.SqlClient.SqlDataReader.TryConsumeMetaData()
   at Microsoft.Data.SqlClient.SqlDataReader.get_MetaData()
   at Microsoft.Data.SqlClient.SqlCommand.FinishExecuteReader(SqlDataReader ds, RunBehavior runBehavior, String resetOptionsString, Boolean isInternal, Boolean forDescribeParameterEncryption, Boolean shouldCacheForAlwaysEncrypted)
   at Microsoft.Data.SqlClient.SqlCommand.RunExecuteReaderTds(CommandBehavior cmdBehavior, RunBehavior runBehavior, Boolean returnStream, Boolean isAsync, Int32 timeout, Task& task, Boolean asyncWrite, Boolean inRetry, SqlDataReader ds, Boolean describeParameterEncryptionRequest)
   at Microsoft.Data.SqlClient.SqlCommand.RunExecuteReader(CommandBehavior cmdBehavior, RunBehavior runBehavior, Boolean returnStream, TaskCompletionSource`1 completion, Int32 timeout, Task& task, Boolean& usedCache, Boolean asyncWrite, Boolean inRetry, String method)
   at Microsoft.Data.SqlClient.SqlCommand.RunExecuteReader(CommandBehavior cmdBehavior, RunBehavior runBehavior, Boolean returnStream, String method)
   at Microsoft.Data.SqlClient.SqlCommand.ExecuteReader(CommandBehavior behavior)
   at Microsoft.Data.SqlClient.SqlCommand.ExecuteDbDataReader(CommandBehavior behavior)
   at System.Data.Common.DbCommand.ExecuteReader()
   at Microsoft.EntityFrameworkCore.Storage.RelationalCommand.ExecuteReader(RelationalCommandParameterObject parameterObject)
   at Microsoft.EntityFrameworkCore.Query.Internal.QueryingEnumerable`1.Enumerator.InitializeReader(DbContext _, Boolean result)
   at Microsoft.EntityFrameworkCore.SqlServer.Storage.Internal.SqlServerExecutionStrategy.Execute[TState,TResult](TState state, Func`3 operation, Func`3 verifySucceeded)
   at Microsoft.EntityFrameworkCore.Query.Internal.QueryingEnumerable`1.Enumerator.MoveNext()
ClientConnectionId:6a364951-d858-452b-8b46-bbdee96ecea2
Error Number:208,State:1,Class:16
2020-11-24 19:52:21.1305|FATAL|Microsoft.AspNetCore.Hosting.Diagnostics|Application startup exception
2020-11-24 19:58:41.3196|INFO|Microsoft.Hosting.Lifetime|Application started. Press Ctrl+C to shut down.
2020-11-24 19:58:41.3403|INFO|Microsoft.Hosting.Lifetime|Hosting environment: Development
2020-11-24 19:58:41.3403|INFO|Microsoft.Hosting.Lifetime|Content root path: E:\Source\StudentManagement\src\StudentManagement.MVC
2020-11-24 21:43:52.7482|INFO|Microsoft.Hosting.Lifetime|Application started. Press Ctrl+C to shut down.
2020-11-24 21:43:52.7714|INFO|Microsoft.Hosting.Lifetime|Hosting environment: Development
2020-11-24 21:43:52.7714|INFO|Microsoft.Hosting.Lifetime|Content root path: E:\Source\StudentManagement\src\StudentManagement.MVC
2020-11-24 21:53:53.2906|INFO|Microsoft.Hosting.Lifetime|Application started. Press Ctrl+C to shut down.
2020-11-24 21:53:53.3105|INFO|Microsoft.Hosting.Lifetime|Hosting environment: Development
2020-11-24 21:53:53.3105|INFO|Microsoft.Hosting.Lifetime|Content root path: E:\Source\StudentManagement\src\StudentManagement.MVC
2020-11-24 22:09:33.8904|ERROR|Microsoft.EntityFrameworkCore.Query|An exception occurred while iterating over the results of a query for context type 'StudentManagement.Models.AppDbContext'.
System.ArgumentException: Keyword not supported: 'userid'.
   at Microsoft.Data.Common.DbConnectionOptions.ParseInternal(Dictionary`2 parsetable, String connectionString, Boolean buildChain, Dictionary`2 synonyms, Boolean firstKey)
   at Microsoft.Data.Common.DbConnectionOptions..ctor(String connectionString, Dictionary`2 synonyms)
   at Microsoft.Data.SqlClient.SqlConnectionString..ctor(String connectionString)
   at Microsoft.Data.SqlClient.SqlConnectionFactory.CreateConnectionOptions(String connectionString, DbConnectionOptions previous)
   at Microsoft.Data.ProviderBase.DbConnectionFactory.GetConnectionPoolGroup(DbConnectionPoolKey key, DbConnectionPoolGroupOptions poolOptions, DbConnectionOptions& userConnectionOptions)
   at Microsoft.Data.SqlClient.SqlConnection.ConnectionString_Set(DbConnectionPoolKey key)
   at Microsoft.Data.SqlClient.SqlConnection.set_ConnectionString(String value)
   at Microsoft.Data.SqlClient.SqlConnection..ctor(String connectionString)
   at Microsoft.EntityFrameworkCore.SqlServer.Storage.Internal.SqlServerConnection.CreateDbConnection()
   at Microsoft.EntityFrameworkCore.Storage.RelationalConnection.get_DbConnection()
   at Microsoft.EntityFrameworkCore.Storage.RelationalCommand.CreateCommand(RelationalCommandParameterObject parameterObject, Guid commandId, DbCommandMethod commandMethod)
   at Microsoft.EntityFrameworkCore.Storage.RelationalCommand.ExecuteReader(RelationalCommandParameterObject parameterObject)
   at Microsoft.EntityFrameworkCore.Query.Internal.QueryingEnumerable`1.Enumerator.InitializeReader(DbContext _, Boolean result)
   at Microsoft.EntityFrameworkCore.SqlServer.Storage.Internal.SqlServerExecutionStrategy.Execute[TState,TResult](TState state, Func`3 operation, Func`3 verifySucceeded)
   at Microsoft.EntityFrameworkCore.Query.Internal.QueryingEnumerable`1.Enumerator.MoveNext()
2020-11-24 22:09:33.9376|FATAL|Microsoft.AspNetCore.Hosting.Diagnostics|Application startup exception
2020-11-24 22:09:49.3758|INFO|Microsoft.Hosting.Lifetime|Application started. Press Ctrl+C to shut down.
2020-11-24 22:09:49.3951|INFO|Microsoft.Hosting.Lifetime|Hosting environment: Development
2020-11-24 22:09:49.3951|INFO|Microsoft.Hosting.Lifetime|Content root path: E:\Source\StudentManagement\src\StudentManagement.MVC
